<?xml version="1.0"?>
<testsuite name="Chrome Headless 141.0.0.0 (Linux x86_64)" package="" timestamp="2025-11-14T13:57:37" id="0" hostname="facundo-Inspiron-5567" tests="4" errors="0" failures="0" time="0.167">
  <properties>
    <property name="browser.fullName" value="Mozilla/5.0 (X11; Linux x86_64) AppleWebKit/537.36 (KHTML, like Gecko) HeadlessChrome/141.0.0.0 Safari/537.36"/>
  </properties>
  <testcase name="EmployeeComponent should create" time="0.118" classname="EmployeeComponent"/>
  <testcase name="AppComponent should render title" time="0.015" classname="AppComponent"/>
  <testcase name="AddemployeeComponent should create" time="0.026" classname="AddemployeeComponent"/>
  <testcase name="EmployeeService should retrieve all employees" time="0.008" classname="EmployeeService"/>
  <system-out>
    <![CDATA[
]]>
  </system-out>
  <system-err/>
</testsuite>